{"level":"error","message":"Product not founded"}
{"level":"error","message":"Product not founded"}
{"level":"error","message":"Erros "}
{"level":"fatal","message":"Fatal "}
{"level":"error","message":"Error to update product"}
{"level":"error","message":"Error to update product"}
{"level":"error","message":"Error to delet product"}
{"level":"error","message":"Error to delet product"}
{"level":"error","message":"Error to delet product"}
{"level":"error","message":"Error to delet product"}
{"level":"error","message":"Error to delet product"}
{"level":"error","message":"Not autorized for delet this product"}
{"level":"error","message":"Error to delet product"}
{"level":"error","message":"Error to delet product"}
{"level":"error","message":"Not autorized for delet this product"}
{"level":"error","message":"Not autorized for delet this product"}
{"level":"error","message":"Product not founded"}
{"level":"error","message":"Product not founded"}
{"level":"error","message":"Product not founded"}
{"level":"error","message":"Product not founded"}
{"level":"error","message":"Product not founded"}
